2024-11-18 13:57:23 - Starting MockUpApplication using Java 21.0.5 with PID 13970 (/home/gnidolf/PROJECT/java/MockUp/MockUp/target/classes started by gnidolf in /home/gnidolf/PROJECT/java/MockUp/MockUp)
2024-11-18 13:57:23 - No active profile set, falling back to 1 default profile: "default"
2024-11-18 13:57:24 - Tomcat initialized with port 8080 (http)
2024-11-18 13:57:24 - Initializing ProtocolHandler ["http-nio-8080"]
2024-11-18 13:57:24 - Starting service [Tomcat]
2024-11-18 13:57:24 - Starting Servlet engine: [Apache Tomcat/10.1.31]
2024-11-18 13:57:24 - Initializing Spring embedded WebApplicationContext
2024-11-18 13:57:24 - Root WebApplicationContext: initialization completed in 1128 ms
2024-11-18 13:57:25 - Exposing 15 endpoints beneath base path '/actuator'
2024-11-18 13:57:25 - Starting ProtocolHandler ["http-nio-8080"]
2024-11-18 13:57:25 - Tomcat started on port 8080 (http) with context path '/'
2024-11-18 13:57:25 - Started MockUpApplication in 2.422 seconds (process running for 2.711)
2024-11-18 13:57:33 - Initializing Spring DispatcherServlet 'dispatcherServlet'
2024-11-18 13:57:33 - Initializing Servlet 'dispatcherServlet'
2024-11-18 13:57:33 - Completed initialization in 1 ms
2024-11-18 13:57:33 - Получен запрос: Request(count=10)
2024-11-18 13:57:38 - Отправлен ответ: [Response(lastname=lastname1, firstname=firstname1, id=1), Response(lastname=lastname2, firstname=firstname2, id=2), Response(lastname=lastname3, firstname=firstname3, id=3), Response(lastname=lastname4, firstname=firstname4, id=4), Response(lastname=lastname5, firstname=firstname5, id=5), Response(lastname=lastname6, firstname=firstname6, id=6), Response(lastname=lastname7, firstname=firstname7, id=7), Response(lastname=lastname8, firstname=firstname8, id=8), Response(lastname=lastname9, firstname=firstname9, id=9), Response(lastname=lastname10, firstname=firstname10, id=10)]
2024-11-18 13:57:39 - Получен запрос: Request(count=10)
2024-11-18 13:57:44 - Отправлен ответ: [Response(lastname=lastname1, firstname=firstname1, id=1), Response(lastname=lastname2, firstname=firstname2, id=2), Response(lastname=lastname3, firstname=firstname3, id=3), Response(lastname=lastname4, firstname=firstname4, id=4), Response(lastname=lastname5, firstname=firstname5, id=5), Response(lastname=lastname6, firstname=firstname6, id=6), Response(lastname=lastname7, firstname=firstname7, id=7), Response(lastname=lastname8, firstname=firstname8, id=8), Response(lastname=lastname9, firstname=firstname9, id=9), Response(lastname=lastname10, firstname=firstname10, id=10)]
2024-11-18 13:57:45 - Получен запрос: Request(count=10)
2024-11-18 13:57:50 - Отправлен ответ: [Response(lastname=lastname1, firstname=firstname1, id=1), Response(lastname=lastname2, firstname=firstname2, id=2), Response(lastname=lastname3, firstname=firstname3, id=3), Response(lastname=lastname4, firstname=firstname4, id=4), Response(lastname=lastname5, firstname=firstname5, id=5), Response(lastname=lastname6, firstname=firstname6, id=6), Response(lastname=lastname7, firstname=firstname7, id=7), Response(lastname=lastname8, firstname=firstname8, id=8), Response(lastname=lastname9, firstname=firstname9, id=9), Response(lastname=lastname10, firstname=firstname10, id=10)]
2024-11-18 13:57:50 - Получен запрос: Request(count=10)
2024-11-18 13:57:55 - Отправлен ответ: [Response(lastname=lastname1, firstname=firstname1, id=1), Response(lastname=lastname2, firstname=firstname2, id=2), Response(lastname=lastname3, firstname=firstname3, id=3), Response(lastname=lastname4, firstname=firstname4, id=4), Response(lastname=lastname5, firstname=firstname5, id=5), Response(lastname=lastname6, firstname=firstname6, id=6), Response(lastname=lastname7, firstname=firstname7, id=7), Response(lastname=lastname8, firstname=firstname8, id=8), Response(lastname=lastname9, firstname=firstname9, id=9), Response(lastname=lastname10, firstname=firstname10, id=10)]
2024-11-18 13:57:56 - Получен запрос: Request(count=10)
2024-11-18 13:57:58 - Ошибка при ожидании: sleep interrupted
2024-11-18 13:57:58 - Отправлен ответ: [Response(lastname=lastname1, firstname=firstname1, id=1), Response(lastname=lastname2, firstname=firstname2, id=2), Response(lastname=lastname3, firstname=firstname3, id=3), Response(lastname=lastname4, firstname=firstname4, id=4), Response(lastname=lastname5, firstname=firstname5, id=5), Response(lastname=lastname6, firstname=firstname6, id=6), Response(lastname=lastname7, firstname=firstname7, id=7), Response(lastname=lastname8, firstname=firstname8, id=8), Response(lastname=lastname9, firstname=firstname9, id=9), Response(lastname=lastname10, firstname=firstname10, id=10)]
2024-11-18 13:57:58 - Resolved [org.springframework.web.context.request.async.AsyncRequestNotUsableException: ServletOutputStream failed to flush: java.nio.channels.ClosedChannelException]
2024-11-18 13:58:24 - Starting MockUpApplication using Java 21.0.5 with PID 14574 (/home/gnidolf/PROJECT/java/MockUp/MockUp/target/classes started by gnidolf in /home/gnidolf/PROJECT/java/MockUp/MockUp)
2024-11-18 13:58:24 - No active profile set, falling back to 1 default profile: "default"
2024-11-18 13:58:26 - Tomcat initialized with port 8080 (http)
2024-11-18 13:58:26 - Initializing ProtocolHandler ["http-nio-8080"]
2024-11-18 13:58:26 - Starting service [Tomcat]
2024-11-18 13:58:26 - Starting Servlet engine: [Apache Tomcat/10.1.31]
2024-11-18 13:58:26 - Initializing Spring embedded WebApplicationContext
2024-11-18 13:58:26 - Root WebApplicationContext: initialization completed in 1154 ms
2024-11-18 13:58:26 - Exposing 15 endpoints beneath base path '/actuator'
2024-11-18 13:58:26 - Starting ProtocolHandler ["http-nio-8080"]
2024-11-18 13:58:26 - Tomcat started on port 8080 (http) with context path '/'
2024-11-18 13:58:26 - Started MockUpApplication in 2.425 seconds (process running for 2.734)
2024-11-18 13:58:27 - Initializing Spring DispatcherServlet 'dispatcherServlet'
2024-11-18 13:58:27 - Initializing Servlet 'dispatcherServlet'
2024-11-18 13:58:27 - Completed initialization in 2 ms
2024-11-18 13:58:27 - Получен запрос: Request(count=10)
2024-11-18 13:58:29 - Отправлен ответ: [Response(lastname=lastname1, firstname=firstname1, id=1), Response(lastname=lastname2, firstname=firstname2, id=2), Response(lastname=lastname3, firstname=firstname3, id=3), Response(lastname=lastname4, firstname=firstname4, id=4), Response(lastname=lastname5, firstname=firstname5, id=5), Response(lastname=lastname6, firstname=firstname6, id=6), Response(lastname=lastname7, firstname=firstname7, id=7), Response(lastname=lastname8, firstname=firstname8, id=8), Response(lastname=lastname9, firstname=firstname9, id=9), Response(lastname=lastname10, firstname=firstname10, id=10)]
2024-11-18 13:58:29 - Получен запрос: Request(count=10)
2024-11-18 13:58:31 - Отправлен ответ: [Response(lastname=lastname1, firstname=firstname1, id=1), Response(lastname=lastname2, firstname=firstname2, id=2), Response(lastname=lastname3, firstname=firstname3, id=3), Response(lastname=lastname4, firstname=firstname4, id=4), Response(lastname=lastname5, firstname=firstname5, id=5), Response(lastname=lastname6, firstname=firstname6, id=6), Response(lastname=lastname7, firstname=firstname7, id=7), Response(lastname=lastname8, firstname=firstname8, id=8), Response(lastname=lastname9, firstname=firstname9, id=9), Response(lastname=lastname10, firstname=firstname10, id=10)]
2024-11-18 13:58:32 - Получен запрос: Request(count=10)
2024-11-18 13:58:33 - Отправлен ответ: [Response(lastname=lastname1, firstname=firstname1, id=1), Response(lastname=lastname2, firstname=firstname2, id=2), Response(lastname=lastname3, firstname=firstname3, id=3), Response(lastname=lastname4, firstname=firstname4, id=4), Response(lastname=lastname5, firstname=firstname5, id=5), Response(lastname=lastname6, firstname=firstname6, id=6), Response(lastname=lastname7, firstname=firstname7, id=7), Response(lastname=lastname8, firstname=firstname8, id=8), Response(lastname=lastname9, firstname=firstname9, id=9), Response(lastname=lastname10, firstname=firstname10, id=10)]
2024-11-18 13:58:34 - Получен запрос: Request(count=10)
2024-11-18 13:58:36 - Отправлен ответ: [Response(lastname=lastname1, firstname=firstname1, id=1), Response(lastname=lastname2, firstname=firstname2, id=2), Response(lastname=lastname3, firstname=firstname3, id=3), Response(lastname=lastname4, firstname=firstname4, id=4), Response(lastname=lastname5, firstname=firstname5, id=5), Response(lastname=lastname6, firstname=firstname6, id=6), Response(lastname=lastname7, firstname=firstname7, id=7), Response(lastname=lastname8, firstname=firstname8, id=8), Response(lastname=lastname9, firstname=firstname9, id=9), Response(lastname=lastname10, firstname=firstname10, id=10)]
2024-11-18 13:58:36 - Получен запрос: Request(count=10)
2024-11-18 13:58:38 - Отправлен ответ: [Response(lastname=lastname1, firstname=firstname1, id=1), Response(lastname=lastname2, firstname=firstname2, id=2), Response(lastname=lastname3, firstname=firstname3, id=3), Response(lastname=lastname4, firstname=firstname4, id=4), Response(lastname=lastname5, firstname=firstname5, id=5), Response(lastname=lastname6, firstname=firstname6, id=6), Response(lastname=lastname7, firstname=firstname7, id=7), Response(lastname=lastname8, firstname=firstname8, id=8), Response(lastname=lastname9, firstname=firstname9, id=9), Response(lastname=lastname10, firstname=firstname10, id=10)]
2024-11-18 13:58:39 - Получен запрос: Request(count=10)
2024-11-18 13:58:40 - Отправлен ответ: [Response(lastname=lastname1, firstname=firstname1, id=1), Response(lastname=lastname2, firstname=firstname2, id=2), Response(lastname=lastname3, firstname=firstname3, id=3), Response(lastname=lastname4, firstname=firstname4, id=4), Response(lastname=lastname5, firstname=firstname5, id=5), Response(lastname=lastname6, firstname=firstname6, id=6), Response(lastname=lastname7, firstname=firstname7, id=7), Response(lastname=lastname8, firstname=firstname8, id=8), Response(lastname=lastname9, firstname=firstname9, id=9), Response(lastname=lastname10, firstname=firstname10, id=10)]
2024-11-18 13:58:41 - Получен запрос: Request(count=10)
2024-11-18 13:58:43 - Отправлен ответ: [Response(lastname=lastname1, firstname=firstname1, id=1), Response(lastname=lastname2, firstname=firstname2, id=2), Response(lastname=lastname3, firstname=firstname3, id=3), Response(lastname=lastname4, firstname=firstname4, id=4), Response(lastname=lastname5, firstname=firstname5, id=5), Response(lastname=lastname6, firstname=firstname6, id=6), Response(lastname=lastname7, firstname=firstname7, id=7), Response(lastname=lastname8, firstname=firstname8, id=8), Response(lastname=lastname9, firstname=firstname9, id=9), Response(lastname=lastname10, firstname=firstname10, id=10)]
